<?xml version="1.0" encoding="UTF-8"?>
<!-- Generated by org.testng.reporters.JUnitReportReporter -->
<testsuite hostname="DESKTOP-A02MU5C" failures="0" tests="1" name="test.day2" time="0.013" errors="0" timestamp="2023-12-31T10:25:53 IST" skipped="0">
  <testcase classname="test.day2" name="ploan" time="0.013"/>
  <system-out/>
</testsuite> <!-- test.day2 -->
